2022-2022-07 10:38 [INFO][restartedMain][c.e.a.AddressBookAppApplication:55] Starting AddressBookAppApplication using Java 18.0.1.1 on DESKTOP-GQ26U1A with PID 8956 (D:\CFP\AddressBookApp\target\classes started by root in D:\CFP\AddressBookApp)
2022-2022-07 10:38 [INFO][restartedMain][c.e.a.AddressBookAppApplication:640] The following 1 profile is active: "dev"
2022-2022-07 10:38 [INFO][restartedMain][o.s.b.d.e.DevToolsPropertyDefaultsPostProcessor:255] Devtools property defaults active! Set 'spring.devtools.add-properties' to 'false' to disable
2022-2022-07 10:38 [INFO][restartedMain][o.s.b.d.e.DevToolsPropertyDefaultsPostProcessor:255] For additional web related logging consider setting the 'logging.level.web' property to 'DEBUG'
2022-2022-07 10:38 [INFO][restartedMain][o.s.d.r.c.RepositoryConfigurationDelegate:132] Bootstrapping Spring Data JPA repositories in DEFAULT mode.
2022-2022-07 10:38 [INFO][restartedMain][o.s.d.r.c.RepositoryConfigurationDelegate:201] Finished Spring Data repository scanning in 51 ms. Found 1 JPA repository interfaces.
2022-2022-07 10:38 [INFO][restartedMain][o.s.b.w.e.t.TomcatWebServer:108] Tomcat initialized with port(s): 8080 (http)
2022-2022-07 10:38 [INFO][restartedMain][o.a.c.c.StandardService:173] Starting service [Tomcat]
2022-2022-07 10:38 [INFO][restartedMain][o.a.c.c.StandardEngine:173] Starting Servlet engine: [Apache Tomcat/9.0.64]
2022-2022-07 10:38 [INFO][restartedMain][o.a.c.c.C.[.[.[/]:173] Initializing Spring embedded WebApplicationContext
2022-2022-07 10:38 [INFO][restartedMain][o.s.b.w.s.c.ServletWebServerApplicationContext:292] Root WebApplicationContext: initialization completed in 1360 ms
2022-2022-07 10:38 [INFO][restartedMain][o.h.j.i.u.LogHelper:31] HHH000204: Processing PersistenceUnitInfo [name: default]
2022-2022-07 10:38 [INFO][restartedMain][o.h.Version:44] HHH000412: Hibernate ORM core version 5.6.9.Final
2022-2022-07 10:38 [INFO][restartedMain][o.h.a.c.Version:56] HCANN000001: Hibernate Commons Annotations {5.1.2.Final}
2022-2022-07 10:38 [INFO][restartedMain][c.z.h.HikariDataSource:110] HikariPool-1 - Starting...
2022-2022-07 10:38 [INFO][restartedMain][c.z.h.HikariDataSource:123] HikariPool-1 - Start completed.
2022-2022-07 10:38 [INFO][restartedMain][o.h.d.Dialect:175] HHH000400: Using dialect: org.hibernate.dialect.MySQL8Dialect
2022-2022-07 10:38 [INFO][restartedMain][o.h.e.t.j.p.i.JtaPlatformInitiator:52] HHH000490: Using JtaPlatform implementation: [org.hibernate.engine.transaction.jta.platform.internal.NoJtaPlatform]
2022-2022-07 10:38 [INFO][restartedMain][o.s.o.j.LocalContainerEntityManagerFactoryBean:437] Initialized JPA EntityManagerFactory for persistence unit 'default'
2022-2022-07 10:38 [WARN][restartedMain][o.s.b.a.o.j.JpaBaseConfiguration$JpaWebConfiguration:219] spring.jpa.open-in-view is enabled by default. Therefore, database queries may be performed during view rendering. Explicitly configure spring.jpa.open-in-view to disable this warning
2022-2022-07 10:38 [INFO][restartedMain][o.s.b.d.a.OptionalLiveReloadServer:58] LiveReload server is running on port 35729
2022-2022-07 10:38 [INFO][restartedMain][o.s.b.w.e.t.TomcatWebServer:220] Tomcat started on port(s): 8080 (http) with context path ''
2022-2022-07 10:38 [INFO][restartedMain][c.e.a.AddressBookAppApplication:61] Started AddressBookAppApplication in 3.666 seconds (JVM running for 4.472)
2022-2022-07 10:38 [INFO][restartedMain][c.e.a.AddressBookAppApplication:14] Address Book App Started in dev Environment
2022-2022-07 10:39 [INFO][http-nio-8080-exec-1][o.a.c.c.C.[.[.[/]:173] Initializing Spring DispatcherServlet 'dispatcherServlet'
2022-2022-07 10:39 [INFO][http-nio-8080-exec-1][o.s.w.s.DispatcherServlet:525] Initializing Servlet 'dispatcherServlet'
2022-2022-07 10:39 [INFO][http-nio-8080-exec-1][o.s.w.s.DispatcherServlet:547] Completed initialization in 1 ms
2022-2022-07 10:44 [INFO][SpringApplicationShutdownHook][o.s.o.j.LocalContainerEntityManagerFactoryBean:651] Closing JPA EntityManagerFactory for persistence unit 'default'
2022-2022-07 10:44 [INFO][SpringApplicationShutdownHook][c.z.h.HikariDataSource:350] HikariPool-1 - Shutdown initiated...
2022-2022-07 10:44 [INFO][SpringApplicationShutdownHook][c.z.h.HikariDataSource:352] HikariPool-1 - Shutdown completed.
2022-2022-07 10:47 [INFO][restartedMain][c.e.a.AddressBookAppApplication:55] Starting AddressBookAppApplication using Java 18.0.1.1 on DESKTOP-GQ26U1A with PID 13644 (D:\CFP\AddressBookApp\target\classes started by root in D:\CFP\AddressBookApp)
2022-2022-07 10:47 [INFO][restartedMain][c.e.a.AddressBookAppApplication:640] The following 1 profile is active: "dev"
2022-2022-07 10:47 [INFO][restartedMain][o.s.b.d.e.DevToolsPropertyDefaultsPostProcessor:255] Devtools property defaults active! Set 'spring.devtools.add-properties' to 'false' to disable
2022-2022-07 10:47 [INFO][restartedMain][o.s.b.d.e.DevToolsPropertyDefaultsPostProcessor:255] For additional web related logging consider setting the 'logging.level.web' property to 'DEBUG'
2022-2022-07 10:47 [INFO][restartedMain][o.s.d.r.c.RepositoryConfigurationDelegate:132] Bootstrapping Spring Data JPA repositories in DEFAULT mode.
2022-2022-07 10:47 [INFO][restartedMain][o.s.d.r.c.RepositoryConfigurationDelegate:201] Finished Spring Data repository scanning in 39 ms. Found 1 JPA repository interfaces.
2022-2022-07 10:47 [INFO][restartedMain][o.s.b.w.e.t.TomcatWebServer:108] Tomcat initialized with port(s): 8080 (http)
2022-2022-07 10:47 [INFO][restartedMain][o.a.c.c.StandardService:173] Starting service [Tomcat]
2022-2022-07 10:47 [INFO][restartedMain][o.a.c.c.StandardEngine:173] Starting Servlet engine: [Apache Tomcat/9.0.64]
2022-2022-07 10:47 [INFO][restartedMain][o.a.c.c.C.[.[.[/]:173] Initializing Spring embedded WebApplicationContext
2022-2022-07 10:47 [INFO][restartedMain][o.s.b.w.s.c.ServletWebServerApplicationContext:292] Root WebApplicationContext: initialization completed in 1167 ms
2022-2022-07 10:47 [INFO][restartedMain][o.h.j.i.u.LogHelper:31] HHH000204: Processing PersistenceUnitInfo [name: default]
2022-2022-07 10:47 [INFO][restartedMain][o.h.Version:44] HHH000412: Hibernate ORM core version 5.6.9.Final
2022-2022-07 10:47 [INFO][restartedMain][o.h.a.c.Version:56] HCANN000001: Hibernate Commons Annotations {5.1.2.Final}
2022-2022-07 10:47 [INFO][restartedMain][c.z.h.HikariDataSource:110] HikariPool-1 - Starting...
2022-2022-07 10:47 [INFO][restartedMain][c.z.h.HikariDataSource:123] HikariPool-1 - Start completed.
2022-2022-07 10:47 [INFO][restartedMain][o.h.d.Dialect:175] HHH000400: Using dialect: org.hibernate.dialect.MySQL8Dialect
2022-2022-07 10:47 [INFO][restartedMain][o.h.e.t.j.p.i.JtaPlatformInitiator:52] HHH000490: Using JtaPlatform implementation: [org.hibernate.engine.transaction.jta.platform.internal.NoJtaPlatform]
2022-2022-07 10:47 [INFO][restartedMain][o.s.o.j.LocalContainerEntityManagerFactoryBean:437] Initialized JPA EntityManagerFactory for persistence unit 'default'
2022-2022-07 10:47 [WARN][restartedMain][o.s.b.a.o.j.JpaBaseConfiguration$JpaWebConfiguration:219] spring.jpa.open-in-view is enabled by default. Therefore, database queries may be performed during view rendering. Explicitly configure spring.jpa.open-in-view to disable this warning
2022-2022-07 10:47 [INFO][restartedMain][o.s.b.d.a.OptionalLiveReloadServer:58] LiveReload server is running on port 35729
2022-2022-07 10:47 [INFO][restartedMain][o.s.b.w.e.t.TomcatWebServer:220] Tomcat started on port(s): 8080 (http) with context path ''
2022-2022-07 10:47 [INFO][restartedMain][c.e.a.AddressBookAppApplication:61] Started AddressBookAppApplication in 3.076 seconds (JVM running for 3.828)
2022-2022-07 10:47 [INFO][restartedMain][c.e.a.AddressBookAppApplication:14] Address Book App Started in dev Environment
2022-2022-07 10:48 [INFO][http-nio-8080-exec-2][o.a.c.c.C.[.[.[/]:173] Initializing Spring DispatcherServlet 'dispatcherServlet'
2022-2022-07 10:48 [INFO][http-nio-8080-exec-2][o.s.w.s.DispatcherServlet:525] Initializing Servlet 'dispatcherServlet'
2022-2022-07 10:48 [INFO][http-nio-8080-exec-2][o.s.w.s.DispatcherServlet:547] Completed initialization in 1 ms
2022-2022-07 10:48 [INFO][SpringApplicationShutdownHook][o.s.o.j.LocalContainerEntityManagerFactoryBean:651] Closing JPA EntityManagerFactory for persistence unit 'default'
2022-2022-07 10:48 [INFO][SpringApplicationShutdownHook][c.z.h.HikariDataSource:350] HikariPool-1 - Shutdown initiated...
2022-2022-07 10:48 [INFO][SpringApplicationShutdownHook][c.z.h.HikariDataSource:352] HikariPool-1 - Shutdown completed.
2022-2022-07 11:08 [INFO][restartedMain][c.e.a.AddressBookAppApplication:55] Starting AddressBookAppApplication using Java 18.0.2 on DESKTOP-GQ26U1A with PID 11460 (D:\CFP\AddressBookApp\target\classes started by Admin in D:\CFP\AddressBookApp)
2022-2022-07 11:08 [INFO][restartedMain][c.e.a.AddressBookAppApplication:640] The following 1 profile is active: "dev"
2022-2022-07 11:08 [INFO][restartedMain][o.s.b.d.e.DevToolsPropertyDefaultsPostProcessor:255] Devtools property defaults active! Set 'spring.devtools.add-properties' to 'false' to disable
2022-2022-07 11:08 [INFO][restartedMain][o.s.b.d.e.DevToolsPropertyDefaultsPostProcessor:255] For additional web related logging consider setting the 'logging.level.web' property to 'DEBUG'
2022-2022-07 11:08 [INFO][restartedMain][o.s.d.r.c.RepositoryConfigurationDelegate:132] Bootstrapping Spring Data JPA repositories in DEFAULT mode.
2022-2022-07 11:08 [INFO][restartedMain][o.s.d.r.c.RepositoryConfigurationDelegate:201] Finished Spring Data repository scanning in 53 ms. Found 1 JPA repository interfaces.
2022-2022-07 11:08 [INFO][restartedMain][o.s.b.w.e.t.TomcatWebServer:108] Tomcat initialized with port(s): 8080 (http)
2022-2022-07 11:08 [INFO][restartedMain][o.a.c.c.StandardService:173] Starting service [Tomcat]
2022-2022-07 11:08 [INFO][restartedMain][o.a.c.c.StandardEngine:173] Starting Servlet engine: [Apache Tomcat/9.0.64]
2022-2022-07 11:08 [INFO][restartedMain][o.a.c.c.C.[.[.[/]:173] Initializing Spring embedded WebApplicationContext
2022-2022-07 11:08 [INFO][restartedMain][o.s.b.w.s.c.ServletWebServerApplicationContext:292] Root WebApplicationContext: initialization completed in 1775 ms
2022-2022-07 11:08 [INFO][restartedMain][o.h.j.i.u.LogHelper:31] HHH000204: Processing PersistenceUnitInfo [name: default]
2022-2022-07 11:08 [INFO][restartedMain][o.h.Version:44] HHH000412: Hibernate ORM core version 5.6.9.Final
2022-2022-07 11:08 [INFO][restartedMain][o.h.a.c.Version:56] HCANN000001: Hibernate Commons Annotations {5.1.2.Final}
2022-2022-07 11:08 [INFO][restartedMain][c.z.h.HikariDataSource:110] HikariPool-1 - Starting...
2022-2022-07 11:08 [ERROR][restartedMain][c.z.h.p.HikariPool:594] HikariPool-1 - Exception during pool initialization.
java.sql.SQLException: Access denied for user 'Admin'@'localhost' (using password: YES)
	at com.mysql.cj.jdbc.exceptions.SQLError.createSQLException(SQLError.java:129)
	at com.mysql.cj.jdbc.exceptions.SQLExceptionsMapping.translateException(SQLExceptionsMapping.java:122)
	at com.mysql.cj.jdbc.ConnectionImpl.createNewIO(ConnectionImpl.java:828)
	at com.mysql.cj.jdbc.ConnectionImpl.<init>(ConnectionImpl.java:448)
	at com.mysql.cj.jdbc.ConnectionImpl.getInstance(ConnectionImpl.java:241)
	at com.mysql.cj.jdbc.NonRegisteringDriver.connect(NonRegisteringDriver.java:198)
	at com.zaxxer.hikari.util.DriverDataSource.getConnection(DriverDataSource.java:138)
	at com.zaxxer.hikari.pool.PoolBase.newConnection(PoolBase.java:364)
	at com.zaxxer.hikari.pool.PoolBase.newPoolEntry(PoolBase.java:206)
	at com.zaxxer.hikari.pool.HikariPool.createPoolEntry(HikariPool.java:476)
	at com.zaxxer.hikari.pool.HikariPool.checkFailFast(HikariPool.java:561)
	at com.zaxxer.hikari.pool.HikariPool.<init>(HikariPool.java:115)
	at com.zaxxer.hikari.HikariDataSource.getConnection(HikariDataSource.java:112)
	at org.hibernate.engine.jdbc.connections.internal.DatasourceConnectionProviderImpl.getConnection(DatasourceConnectionProviderImpl.java:122)
	at org.hibernate.engine.jdbc.env.internal.JdbcEnvironmentInitiator$ConnectionProviderJdbcConnectionAccess.obtainConnection(JdbcEnvironmentInitiator.java:181)
	at org.hibernate.engine.jdbc.env.internal.JdbcEnvironmentInitiator.initiateService(JdbcEnvironmentInitiator.java:68)
	at org.hibernate.engine.jdbc.env.internal.JdbcEnvironmentInitiator.initiateService(JdbcEnvironmentInitiator.java:35)
	at org.hibernate.boot.registry.internal.StandardServiceRegistryImpl.initiateService(StandardServiceRegistryImpl.java:101)
	at org.hibernate.service.internal.AbstractServiceRegistryImpl.createService(AbstractServiceRegistryImpl.java:263)
	at org.hibernate.service.internal.AbstractServiceRegistryImpl.initializeService(AbstractServiceRegistryImpl.java:237)
	at org.hibernate.service.internal.AbstractServiceRegistryImpl.getService(AbstractServiceRegistryImpl.java:214)
	at org.hibernate.id.factory.internal.DefaultIdentifierGeneratorFactory.injectServices(DefaultIdentifierGeneratorFactory.java:175)
	at org.hibernate.service.internal.AbstractServiceRegistryImpl.injectDependencies(AbstractServiceRegistryImpl.java:286)
	at org.hibernate.service.internal.AbstractServiceRegistryImpl.initializeService(AbstractServiceRegistryImpl.java:243)
	at org.hibernate.service.internal.AbstractServiceRegistryImpl.getService(AbstractServiceRegistryImpl.java:214)
	at org.hibernate.boot.internal.InFlightMetadataCollectorImpl.<init>(InFlightMetadataCollectorImpl.java:173)
	at org.hibernate.boot.model.process.spi.MetadataBuildingProcess.complete(MetadataBuildingProcess.java:127)
	at org.hibernate.jpa.boot.internal.EntityManagerFactoryBuilderImpl.metadata(EntityManagerFactoryBuilderImpl.java:1460)
	at org.hibernate.jpa.boot.internal.EntityManagerFactoryBuilderImpl.build(EntityManagerFactoryBuilderImpl.java:1494)
	at org.springframework.orm.jpa.vendor.SpringHibernateJpaPersistenceProvider.createContainerEntityManagerFactory(SpringHibernateJpaPersistenceProvider.java:58)
	at org.springframework.orm.jpa.LocalContainerEntityManagerFactoryBean.createNativeEntityManagerFactory(LocalContainerEntityManagerFactoryBean.java:365)
	at org.springframework.orm.jpa.AbstractEntityManagerFactoryBean.buildNativeEntityManagerFactory(AbstractEntityManagerFactoryBean.java:409)
	at org.springframework.orm.jpa.AbstractEntityManagerFactoryBean.afterPropertiesSet(AbstractEntityManagerFactoryBean.java:396)
	at org.springframework.orm.jpa.LocalContainerEntityManagerFactoryBean.afterPropertiesSet(LocalContainerEntityManagerFactoryBean.java:341)
	at org.springframework.beans.factory.support.AbstractAutowireCapableBeanFactory.invokeInitMethods(AbstractAutowireCapableBeanFactory.java:1863)
	at org.springframework.beans.factory.support.AbstractAutowireCapableBeanFactory.initializeBean(AbstractAutowireCapableBeanFactory.java:1800)
	at org.springframework.beans.factory.support.AbstractAutowireCapableBeanFactory.doCreateBean(AbstractAutowireCapableBeanFactory.java:620)
	at org.springframework.beans.factory.support.AbstractAutowireCapableBeanFactory.createBean(AbstractAutowireCapableBeanFactory.java:542)
	at org.springframework.beans.factory.support.AbstractBeanFactory.lambda$doGetBean$0(AbstractBeanFactory.java:335)
	at org.springframework.beans.factory.support.DefaultSingletonBeanRegistry.getSingleton(DefaultSingletonBeanRegistry.java:234)
	at org.springframework.beans.factory.support.AbstractBeanFactory.doGetBean(AbstractBeanFactory.java:333)
	at org.springframework.beans.factory.support.AbstractBeanFactory.getBean(AbstractBeanFactory.java:208)
	at org.springframework.context.support.AbstractApplicationContext.getBean(AbstractApplicationContext.java:1154)
	at org.springframework.context.support.AbstractApplicationContext.finishBeanFactoryInitialization(AbstractApplicationContext.java:908)
	at org.springframework.context.support.AbstractApplicationContext.refresh(AbstractApplicationContext.java:583)
	at org.springframework.boot.web.servlet.context.ServletWebServerApplicationContext.refresh(ServletWebServerApplicationContext.java:147)
	at org.springframework.boot.SpringApplication.refresh(SpringApplication.java:734)
	at org.springframework.boot.SpringApplication.refreshContext(SpringApplication.java:408)
	at org.springframework.boot.SpringApplication.run(SpringApplication.java:308)
	at org.springframework.boot.SpringApplication.run(SpringApplication.java:1306)
	at org.springframework.boot.SpringApplication.run(SpringApplication.java:1295)
	at com.example.addressbookapp.AddressBookAppApplication.main(AddressBookAppApplication.java:13)
	at java.base/jdk.internal.reflect.DirectMethodHandleAccessor.invoke(DirectMethodHandleAccessor.java:104)
	at java.base/java.lang.reflect.Method.invoke(Method.java:577)
	at org.springframework.boot.devtools.restart.RestartLauncher.run(RestartLauncher.java:49)
2022-2022-07 11:08 [WARN][restartedMain][o.h.e.j.e.i.JdbcEnvironmentInitiator:133] HHH000342: Could not obtain connection to query metadata
java.sql.SQLException: Access denied for user 'Admin'@'localhost' (using password: YES)
	at com.mysql.cj.jdbc.exceptions.SQLError.createSQLException(SQLError.java:129)
	at com.mysql.cj.jdbc.exceptions.SQLExceptionsMapping.translateException(SQLExceptionsMapping.java:122)
	at com.mysql.cj.jdbc.ConnectionImpl.createNewIO(ConnectionImpl.java:828)
	at com.mysql.cj.jdbc.ConnectionImpl.<init>(ConnectionImpl.java:448)
	at com.mysql.cj.jdbc.ConnectionImpl.getInstance(ConnectionImpl.java:241)
	at com.mysql.cj.jdbc.NonRegisteringDriver.connect(NonRegisteringDriver.java:198)
	at com.zaxxer.hikari.util.DriverDataSource.getConnection(DriverDataSource.java:138)
	at com.zaxxer.hikari.pool.PoolBase.newConnection(PoolBase.java:364)
	at com.zaxxer.hikari.pool.PoolBase.newPoolEntry(PoolBase.java:206)
	at com.zaxxer.hikari.pool.HikariPool.createPoolEntry(HikariPool.java:476)
	at com.zaxxer.hikari.pool.HikariPool.checkFailFast(HikariPool.java:561)
	at com.zaxxer.hikari.pool.HikariPool.<init>(HikariPool.java:115)
	at com.zaxxer.hikari.HikariDataSource.getConnection(HikariDataSource.java:112)
	at org.hibernate.engine.jdbc.connections.internal.DatasourceConnectionProviderImpl.getConnection(DatasourceConnectionProviderImpl.java:122)
	at org.hibernate.engine.jdbc.env.internal.JdbcEnvironmentInitiator$ConnectionProviderJdbcConnectionAccess.obtainConnection(JdbcEnvironmentInitiator.java:181)
	at org.hibernate.engine.jdbc.env.internal.JdbcEnvironmentInitiator.initiateService(JdbcEnvironmentInitiator.java:68)
	at org.hibernate.engine.jdbc.env.internal.JdbcEnvironmentInitiator.initiateService(JdbcEnvironmentInitiator.java:35)
	at org.hibernate.boot.registry.internal.StandardServiceRegistryImpl.initiateService(StandardServiceRegistryImpl.java:101)
	at org.hibernate.service.internal.AbstractServiceRegistryImpl.createService(AbstractServiceRegistryImpl.java:263)
	at org.hibernate.service.internal.AbstractServiceRegistryImpl.initializeService(AbstractServiceRegistryImpl.java:237)
	at org.hibernate.service.internal.AbstractServiceRegistryImpl.getService(AbstractServiceRegistryImpl.java:214)
	at org.hibernate.id.factory.internal.DefaultIdentifierGeneratorFactory.injectServices(DefaultIdentifierGeneratorFactory.java:175)
	at org.hibernate.service.internal.AbstractServiceRegistryImpl.injectDependencies(AbstractServiceRegistryImpl.java:286)
	at org.hibernate.service.internal.AbstractServiceRegistryImpl.initializeService(AbstractServiceRegistryImpl.java:243)
	at org.hibernate.service.internal.AbstractServiceRegistryImpl.getService(AbstractServiceRegistryImpl.java:214)
	at org.hibernate.boot.internal.InFlightMetadataCollectorImpl.<init>(InFlightMetadataCollectorImpl.java:173)
	at org.hibernate.boot.model.process.spi.MetadataBuildingProcess.complete(MetadataBuildingProcess.java:127)
	at org.hibernate.jpa.boot.internal.EntityManagerFactoryBuilderImpl.metadata(EntityManagerFactoryBuilderImpl.java:1460)
	at org.hibernate.jpa.boot.internal.EntityManagerFactoryBuilderImpl.build(EntityManagerFactoryBuilderImpl.java:1494)
	at org.springframework.orm.jpa.vendor.SpringHibernateJpaPersistenceProvider.createContainerEntityManagerFactory(SpringHibernateJpaPersistenceProvider.java:58)
	at org.springframework.orm.jpa.LocalContainerEntityManagerFactoryBean.createNativeEntityManagerFactory(LocalContainerEntityManagerFactoryBean.java:365)
	at org.springframework.orm.jpa.AbstractEntityManagerFactoryBean.buildNativeEntityManagerFactory(AbstractEntityManagerFactoryBean.java:409)
	at org.springframework.orm.jpa.AbstractEntityManagerFactoryBean.afterPropertiesSet(AbstractEntityManagerFactoryBean.java:396)
	at org.springframework.orm.jpa.LocalContainerEntityManagerFactoryBean.afterPropertiesSet(LocalContainerEntityManagerFactoryBean.java:341)
	at org.springframework.beans.factory.support.AbstractAutowireCapableBeanFactory.invokeInitMethods(AbstractAutowireCapableBeanFactory.java:1863)
	at org.springframework.beans.factory.support.AbstractAutowireCapableBeanFactory.initializeBean(AbstractAutowireCapableBeanFactory.java:1800)
	at org.springframework.beans.factory.support.AbstractAutowireCapableBeanFactory.doCreateBean(AbstractAutowireCapableBeanFactory.java:620)
	at org.springframework.beans.factory.support.AbstractAutowireCapableBeanFactory.createBean(AbstractAutowireCapableBeanFactory.java:542)
	at org.springframework.beans.factory.support.AbstractBeanFactory.lambda$doGetBean$0(AbstractBeanFactory.java:335)
	at org.springframework.beans.factory.support.DefaultSingletonBeanRegistry.getSingleton(DefaultSingletonBeanRegistry.java:234)
	at org.springframework.beans.factory.support.AbstractBeanFactory.doGetBean(AbstractBeanFactory.java:333)
	at org.springframework.beans.factory.support.AbstractBeanFactory.getBean(AbstractBeanFactory.java:208)
	at org.springframework.context.support.AbstractApplicationContext.getBean(AbstractApplicationContext.java:1154)
	at org.springframework.context.support.AbstractApplicationContext.finishBeanFactoryInitialization(AbstractApplicationContext.java:908)
	at org.springframework.context.support.AbstractApplicationContext.refresh(AbstractApplicationContext.java:583)
	at org.springframework.boot.web.servlet.context.ServletWebServerApplicationContext.refresh(ServletWebServerApplicationContext.java:147)
	at org.springframework.boot.SpringApplication.refresh(SpringApplication.java:734)
	at org.springframework.boot.SpringApplication.refreshContext(SpringApplication.java:408)
	at org.springframework.boot.SpringApplication.run(SpringApplication.java:308)
	at org.springframework.boot.SpringApplication.run(SpringApplication.java:1306)
	at org.springframework.boot.SpringApplication.run(SpringApplication.java:1295)
	at com.example.addressbookapp.AddressBookAppApplication.main(AddressBookAppApplication.java:13)
	at java.base/jdk.internal.reflect.DirectMethodHandleAccessor.invoke(DirectMethodHandleAccessor.java:104)
	at java.base/java.lang.reflect.Method.invoke(Method.java:577)
	at org.springframework.boot.devtools.restart.RestartLauncher.run(RestartLauncher.java:49)
2022-2022-07 11:08 [ERROR][restartedMain][o.s.o.j.LocalContainerEntityManagerFactoryBean:426] Failed to initialize JPA EntityManagerFactory: Unable to create requested service [org.hibernate.engine.jdbc.env.spi.JdbcEnvironment]
2022-2022-07 11:08 [WARN][restartedMain][o.s.b.w.s.c.AnnotationConfigServletWebServerApplicationContext:591] Exception encountered during context initialization - cancelling refresh attempt: org.springframework.beans.factory.BeanCreationException: Error creating bean with name 'entityManagerFactory' defined in class path resource [org/springframework/boot/autoconfigure/orm/jpa/HibernateJpaConfiguration.class]: Invocation of init method failed; nested exception is org.hibernate.service.spi.ServiceException: Unable to create requested service [org.hibernate.engine.jdbc.env.spi.JdbcEnvironment]
2022-2022-07 11:08 [INFO][restartedMain][o.a.c.c.StandardService:173] Stopping service [Tomcat]
2022-2022-07 11:08 [INFO][restartedMain][o.s.b.a.l.ConditionEvaluationReportLoggingListener:136] 

Error starting ApplicationContext. To display the conditions report re-run your application with 'debug' enabled.
2022-2022-07 11:08 [ERROR][restartedMain][o.s.b.SpringApplication:824] Application run failed
org.springframework.beans.factory.BeanCreationException: Error creating bean with name 'entityManagerFactory' defined in class path resource [org/springframework/boot/autoconfigure/orm/jpa/HibernateJpaConfiguration.class]: Invocation of init method failed; nested exception is org.hibernate.service.spi.ServiceException: Unable to create requested service [org.hibernate.engine.jdbc.env.spi.JdbcEnvironment]
	at org.springframework.beans.factory.support.AbstractAutowireCapableBeanFactory.initializeBean(AbstractAutowireCapableBeanFactory.java:1804)
	at org.springframework.beans.factory.support.AbstractAutowireCapableBeanFactory.doCreateBean(AbstractAutowireCapableBeanFactory.java:620)
	at org.springframework.beans.factory.support.AbstractAutowireCapableBeanFactory.createBean(AbstractAutowireCapableBeanFactory.java:542)
	at org.springframework.beans.factory.support.AbstractBeanFactory.lambda$doGetBean$0(AbstractBeanFactory.java:335)
	at org.springframework.beans.factory.support.DefaultSingletonBeanRegistry.getSingleton(DefaultSingletonBeanRegistry.java:234)
	at org.springframework.beans.factory.support.AbstractBeanFactory.doGetBean(AbstractBeanFactory.java:333)
	at org.springframework.beans.factory.support.AbstractBeanFactory.getBean(AbstractBeanFactory.java:208)
	at org.springframework.context.support.AbstractApplicationContext.getBean(AbstractApplicationContext.java:1154)
	at org.springframework.context.support.AbstractApplicationContext.finishBeanFactoryInitialization(AbstractApplicationContext.java:908)
	at org.springframework.context.support.AbstractApplicationContext.refresh(AbstractApplicationContext.java:583)
	at org.springframework.boot.web.servlet.context.ServletWebServerApplicationContext.refresh(ServletWebServerApplicationContext.java:147)
	at org.springframework.boot.SpringApplication.refresh(SpringApplication.java:734)
	at org.springframework.boot.SpringApplication.refreshContext(SpringApplication.java:408)
	at org.springframework.boot.SpringApplication.run(SpringApplication.java:308)
	at org.springframework.boot.SpringApplication.run(SpringApplication.java:1306)
	at org.springframework.boot.SpringApplication.run(SpringApplication.java:1295)
	at com.example.addressbookapp.AddressBookAppApplication.main(AddressBookAppApplication.java:13)
	at java.base/jdk.internal.reflect.DirectMethodHandleAccessor.invoke(DirectMethodHandleAccessor.java:104)
	at java.base/java.lang.reflect.Method.invoke(Method.java:577)
	at org.springframework.boot.devtools.restart.RestartLauncher.run(RestartLauncher.java:49)
Caused by: org.hibernate.service.spi.ServiceException: Unable to create requested service [org.hibernate.engine.jdbc.env.spi.JdbcEnvironment]
	at org.hibernate.service.internal.AbstractServiceRegistryImpl.createService(AbstractServiceRegistryImpl.java:275)
	at org.hibernate.service.internal.AbstractServiceRegistryImpl.initializeService(AbstractServiceRegistryImpl.java:237)
	at org.hibernate.service.internal.AbstractServiceRegistryImpl.getService(AbstractServiceRegistryImpl.java:214)
	at org.hibernate.id.factory.internal.DefaultIdentifierGeneratorFactory.injectServices(DefaultIdentifierGeneratorFactory.java:175)
	at org.hibernate.service.internal.AbstractServiceRegistryImpl.injectDependencies(AbstractServiceRegistryImpl.java:286)
	at org.hibernate.service.internal.AbstractServiceRegistryImpl.initializeService(AbstractServiceRegistryImpl.java:243)
	at org.hibernate.service.internal.AbstractServiceRegistryImpl.getService(AbstractServiceRegistryImpl.java:214)
	at org.hibernate.boot.internal.InFlightMetadataCollectorImpl.<init>(InFlightMetadataCollectorImpl.java:173)
	at org.hibernate.boot.model.process.spi.MetadataBuildingProcess.complete(MetadataBuildingProcess.java:127)
	at org.hibernate.jpa.boot.internal.EntityManagerFactoryBuilderImpl.metadata(EntityManagerFactoryBuilderImpl.java:1460)
	at org.hibernate.jpa.boot.internal.EntityManagerFactoryBuilderImpl.build(EntityManagerFactoryBuilderImpl.java:1494)
	at org.springframework.orm.jpa.vendor.SpringHibernateJpaPersistenceProvider.createContainerEntityManagerFactory(SpringHibernateJpaPersistenceProvider.java:58)
	at org.springframework.orm.jpa.LocalContainerEntityManagerFactoryBean.createNativeEntityManagerFactory(LocalContainerEntityManagerFactoryBean.java:365)
	at org.springframework.orm.jpa.AbstractEntityManagerFactoryBean.buildNativeEntityManagerFactory(AbstractEntityManagerFactoryBean.java:409)
	at org.springframework.orm.jpa.AbstractEntityManagerFactoryBean.afterPropertiesSet(AbstractEntityManagerFactoryBean.java:396)
	at org.springframework.orm.jpa.LocalContainerEntityManagerFactoryBean.afterPropertiesSet(LocalContainerEntityManagerFactoryBean.java:341)
	at org.springframework.beans.factory.support.AbstractAutowireCapableBeanFactory.invokeInitMethods(AbstractAutowireCapableBeanFactory.java:1863)
	at org.springframework.beans.factory.support.AbstractAutowireCapableBeanFactory.initializeBean(AbstractAutowireCapableBeanFactory.java:1800)
	... 19 common frames omitted
Caused by: org.hibernate.HibernateException: Access to DialectResolutionInfo cannot be null when 'hibernate.dialect' not set
	at org.hibernate.engine.jdbc.dialect.internal.DialectFactoryImpl.determineDialect(DialectFactoryImpl.java:100)
	at org.hibernate.engine.jdbc.dialect.internal.DialectFactoryImpl.buildDialect(DialectFactoryImpl.java:54)
	at org.hibernate.engine.jdbc.env.internal.JdbcEnvironmentInitiator.initiateService(JdbcEnvironmentInitiator.java:138)
	at org.hibernate.engine.jdbc.env.internal.JdbcEnvironmentInitiator.initiateService(JdbcEnvironmentInitiator.java:35)
	at org.hibernate.boot.registry.internal.StandardServiceRegistryImpl.initiateService(StandardServiceRegistryImpl.java:101)
	at org.hibernate.service.internal.AbstractServiceRegistryImpl.createService(AbstractServiceRegistryImpl.java:263)
	... 36 common frames omitted
2022-2022-07 11:08 [INFO][restartedMain][c.e.a.AddressBookAppApplication:55] Starting AddressBookAppApplication using Java 18.0.2 on DESKTOP-GQ26U1A with PID 10468 (D:\CFP\AddressBookApp\target\classes started by root in D:\CFP\AddressBookApp)
2022-2022-07 11:08 [INFO][restartedMain][c.e.a.AddressBookAppApplication:640] The following 1 profile is active: "dev"
2022-2022-07 11:08 [INFO][restartedMain][o.s.b.d.e.DevToolsPropertyDefaultsPostProcessor:255] Devtools property defaults active! Set 'spring.devtools.add-properties' to 'false' to disable
2022-2022-07 11:08 [INFO][restartedMain][o.s.b.d.e.DevToolsPropertyDefaultsPostProcessor:255] For additional web related logging consider setting the 'logging.level.web' property to 'DEBUG'
2022-2022-07 11:08 [INFO][restartedMain][o.s.d.r.c.RepositoryConfigurationDelegate:132] Bootstrapping Spring Data JPA repositories in DEFAULT mode.
2022-2022-07 11:08 [INFO][restartedMain][o.s.d.r.c.RepositoryConfigurationDelegate:201] Finished Spring Data repository scanning in 59 ms. Found 1 JPA repository interfaces.
2022-2022-07 11:08 [INFO][restartedMain][o.s.b.w.e.t.TomcatWebServer:108] Tomcat initialized with port(s): 8080 (http)
2022-2022-07 11:08 [INFO][restartedMain][o.a.c.c.StandardService:173] Starting service [Tomcat]
2022-2022-07 11:08 [INFO][restartedMain][o.a.c.c.StandardEngine:173] Starting Servlet engine: [Apache Tomcat/9.0.64]
2022-2022-07 11:08 [INFO][restartedMain][o.a.c.c.C.[.[.[/]:173] Initializing Spring embedded WebApplicationContext
2022-2022-07 11:08 [INFO][restartedMain][o.s.b.w.s.c.ServletWebServerApplicationContext:292] Root WebApplicationContext: initialization completed in 1785 ms
2022-2022-07 11:08 [INFO][restartedMain][o.h.j.i.u.LogHelper:31] HHH000204: Processing PersistenceUnitInfo [name: default]
2022-2022-07 11:08 [INFO][restartedMain][o.h.Version:44] HHH000412: Hibernate ORM core version 5.6.9.Final
2022-2022-07 11:08 [INFO][restartedMain][o.h.a.c.Version:56] HCANN000001: Hibernate Commons Annotations {5.1.2.Final}
2022-2022-07 11:08 [INFO][restartedMain][c.z.h.HikariDataSource:110] HikariPool-1 - Starting...
2022-2022-07 11:08 [INFO][restartedMain][c.z.h.HikariDataSource:123] HikariPool-1 - Start completed.
2022-2022-07 11:08 [INFO][restartedMain][o.h.d.Dialect:175] HHH000400: Using dialect: org.hibernate.dialect.MySQL8Dialect
2022-2022-07 11:08 [INFO][restartedMain][o.h.e.t.j.p.i.JtaPlatformInitiator:52] HHH000490: Using JtaPlatform implementation: [org.hibernate.engine.transaction.jta.platform.internal.NoJtaPlatform]
2022-2022-07 11:08 [INFO][restartedMain][o.s.o.j.LocalContainerEntityManagerFactoryBean:437] Initialized JPA EntityManagerFactory for persistence unit 'default'
2022-2022-07 11:08 [WARN][restartedMain][o.s.b.a.o.j.JpaBaseConfiguration$JpaWebConfiguration:219] spring.jpa.open-in-view is enabled by default. Therefore, database queries may be performed during view rendering. Explicitly configure spring.jpa.open-in-view to disable this warning
2022-2022-07 11:08 [INFO][restartedMain][o.s.b.d.a.OptionalLiveReloadServer:58] LiveReload server is running on port 35729
2022-2022-07 11:08 [INFO][restartedMain][o.s.b.w.e.t.TomcatWebServer:220] Tomcat started on port(s): 8080 (http) with context path ''
2022-2022-07 11:08 [INFO][restartedMain][c.e.a.AddressBookAppApplication:61] Started AddressBookAppApplication in 4.718 seconds (JVM running for 5.252)
2022-2022-07 11:08 [INFO][restartedMain][c.e.a.AddressBookAppApplication:14] Address Book App Started in dev Environment
2022-2022-07 11:09 [INFO][http-nio-8080-exec-2][o.a.c.c.C.[.[.[/]:173] Initializing Spring DispatcherServlet 'dispatcherServlet'
2022-2022-07 11:09 [INFO][http-nio-8080-exec-2][o.s.w.s.DispatcherServlet:525] Initializing Servlet 'dispatcherServlet'
2022-2022-07 11:09 [INFO][http-nio-8080-exec-2][o.s.w.s.DispatcherServlet:547] Completed initialization in 2 ms
2022-2022-07 11:09 [WARN][http-nio-8080-exec-2][o.s.w.s.m.m.a.ExceptionHandlerExceptionResolver:208] Resolved [org.springframework.web.bind.MethodArgumentNotValidException: Validation failed for argument [0] in public org.springframework.http.ResponseEntity<com.example.addressbookapp.dto.ResponseDTO> com.example.addressbookapp.controller.AddressBookController.createAddressBookData(com.example.addressbookapp.dto.AddressBookDTO): [Field error in object 'addressBookDTO' on field 'city': rejected value [kamalnamger]; codes [Pattern.addressBookDTO.city,Pattern.city,Pattern.java.lang.String,Pattern]; arguments [org.springframework.context.support.DefaultMessageSourceResolvable: codes [addressBookDTO.city,city]; arguments []; default message [city],[Ljavax.validation.constraints.Pattern$Flag;@5a601d15,^[A-Z]{1}[a-zA-Z\s]{2,}$]; default message [City Is Invalid]] ]
2022-2022-07 11:14 [INFO][SpringApplicationShutdownHook][o.s.o.j.LocalContainerEntityManagerFactoryBean:651] Closing JPA EntityManagerFactory for persistence unit 'default'
2022-2022-07 11:14 [INFO][SpringApplicationShutdownHook][c.z.h.HikariDataSource:350] HikariPool-1 - Shutdown initiated...
2022-2022-07 11:14 [INFO][SpringApplicationShutdownHook][c.z.h.HikariDataSource:352] HikariPool-1 - Shutdown completed.
